[2019-04-27 23:14:30.758] [exthost] [info] extension host started
[2019-04-27 23:14:30.778] [exthost] [info] ExtensionService#_doActivateExtension vscode.debug-auto-launch {"startup":true,"activationEvent":"*"}
[2019-04-27 23:14:30.778] [exthost] [info] ExtensionService#loadCommonJSModule /snap/code/6/usr/share/code/resources/app/extensions/debug-auto-launch/dist/extension
[2019-04-27 23:14:30.781] [exthost] [info] ExtensionService#_doActivateExtension vscode.emmet {"startup":true,"activationEvent":"*"}
[2019-04-27 23:14:30.781] [exthost] [info] ExtensionService#loadCommonJSModule /snap/code/6/usr/share/code/resources/app/extensions/emmet/dist/extension
[2019-04-27 23:14:30.795] [exthost] [info] ExtensionService#_doActivateExtension vscode.git {"startup":true,"activationEvent":"*"}
[2019-04-27 23:14:30.795] [exthost] [info] ExtensionService#loadCommonJSModule /snap/code/6/usr/share/code/resources/app/extensions/git/dist/main
[2019-04-27 23:14:30.888] [exthost] [info] ExtensionService#_doActivateExtension vscode.merge-conflict {"startup":true,"activationEvent":"*"}
[2019-04-27 23:14:30.888] [exthost] [info] ExtensionService#loadCommonJSModule /snap/code/6/usr/share/code/resources/app/extensions/merge-conflict/dist/extension
[2019-04-27 23:14:30.892] [exthost] [info] eager extensions activated
[2019-04-27 23:14:55.339] [exthost] [info] extension host started
[2019-04-27 23:14:55.352] [exthost] [info] ExtensionService#_doActivateExtension vscode.debug-auto-launch {"startup":true,"activationEvent":"*"}
[2019-04-27 23:14:55.353] [exthost] [info] ExtensionService#loadCommonJSModule /snap/code/6/usr/share/code/resources/app/extensions/debug-auto-launch/dist/extension
[2019-04-27 23:14:55.355] [exthost] [info] ExtensionService#_doActivateExtension vscode.emmet {"startup":true,"activationEvent":"*"}
[2019-04-27 23:14:55.355] [exthost] [info] ExtensionService#loadCommonJSModule /snap/code/6/usr/share/code/resources/app/extensions/emmet/dist/extension
[2019-04-27 23:14:55.369] [exthost] [info] ExtensionService#_doActivateExtension vscode.git {"startup":true,"activationEvent":"*"}
[2019-04-27 23:14:55.369] [exthost] [info] ExtensionService#loadCommonJSModule /snap/code/6/usr/share/code/resources/app/extensions/git/dist/main
[2019-04-27 23:14:55.453] [exthost] [info] ExtensionService#_doActivateExtension vscode.merge-conflict {"startup":true,"activationEvent":"*"}
[2019-04-27 23:14:55.453] [exthost] [info] ExtensionService#loadCommonJSModule /snap/code/6/usr/share/code/resources/app/extensions/merge-conflict/dist/extension
[2019-04-27 23:14:55.457] [exthost] [info] eager extensions activated
[2019-04-27 23:15:00.492] [exthost] [info] ExtensionService#_doActivateExtension vscode.configuration-editing {"startup":false,"activationEvent":"onLanguage:json"}
[2019-04-27 23:15:00.492] [exthost] [info] ExtensionService#loadCommonJSModule /snap/code/6/usr/share/code/resources/app/extensions/configuration-editing/dist/extension
[2019-04-27 23:15:00.508] [exthost] [info] ExtensionService#_doActivateExtension vscode.extension-editing {"startup":false,"activationEvent":"onLanguage:json"}
[2019-04-27 23:15:00.508] [exthost] [info] ExtensionService#loadCommonJSModule /snap/code/6/usr/share/code/resources/app/extensions/extension-editing/dist/extension
[2019-04-27 23:15:00.551] [exthost] [info] ExtensionService#_doActivateExtension vscode.json-language-features {"startup":false,"activationEvent":"onLanguage:json"}
[2019-04-27 23:15:00.551] [exthost] [info] ExtensionService#loadCommonJSModule /snap/code/6/usr/share/code/resources/app/extensions/json-language-features/client/dist/jsonMain
[2019-04-27 23:15:00.678] [exthost] [info] ExtensionService#_doActivateExtension vscode.npm {"startup":false,"activationEvent":"onLanguage:json"}
[2019-04-27 23:15:00.678] [exthost] [info] ExtensionService#loadCommonJSModule /snap/code/6/usr/share/code/resources/app/extensions/npm/dist/main
